build/app/outputs/mapping/release/seeds.txt
net.citica.conectcarga.MainActivity: MainActivity()
net.citica.conectcarga.MainActivity
...
androidx.recyclerview.R$styleable: int[] RecyclerView
androidx.recyclerview.widget.RecyclerView: int getMaxFlingVelocity()
com.google.android.material.R$styleable: int[] DrawerArrowToggle
com.google.android.material.R$attr: int alphabeticModifiers
com.google.android.material.R$color: int switch_thumb_material_dark
androidx.core.R$id: int notification_background
androidx.appcompat.R$drawable: int abc_list_selector_disabled_holo_dark
androidx.recyclerview.widget.RecyclerView: android.view.accessibility.AccessibilityManager mAccessibilityManager
androidx.appcompat.resources.R$styleable: int FontFamily_fontProviderFetchTimeout
com.google.android.material.R$style: int Base_TextAppearance_AppCompat_Caption
androidx.appcompat.R$style: int Platform_AppCompat
com.google.android.material.R$color: int mtrl_card_view_ripple
com.google.android.material.R$styleable: int GradientColor_android_endX
com.google.android.material.R$dimen: int abc_list_item_height_small_material
com.google.android.material.R$styleable: int TextInputLayout_boxStrokeWidth
com.google.android.material.R$style: int TextAppearance_AppCompat_Light_Widget_PopupMenu_Large
com.google.android.material.R$dimen: int mtrl_btn_stroke_size
com.google.android.material.R$styleable: int FontFamilyFont_fontStyle
io.flutter.embedding.engine.mutatorsstack.FlutterMutatorsStack: FlutterMutatorsStack()
androidx.appcompat.widget.Toolbar: int getContentInsetStart()
com.google.android.material.R$attr: int paddingStart
androidx.appcompat.widget.AppCompatSpinner: androidx.appcompat.widget.AppCompatSpinner$SpinnerPopup getInternalPopup()
androidx.fragment.app.FragmentState: android.os.Parcelable$Creator CREATOR
androidx.recyclerview.widget.RecyclerView: androidx.recyclerview.widget.RecyclerView$LayoutManager getLayoutManager()
com.google.android.material.R$style: int TextAppearance_Design_Error
com.google.android.material.R$drawable: int abc_ratingbar_material
androidx.appcompat.R$style: int Widget_AppCompat_ActionMode
androidx.recyclerview.widget.RecyclerView: android.view.View findNextViewToFocus()
androidx.lifecycle.ReflectiveGenericLifecycleObserver
com.google.android.material.R$id: int design_bottom_sheet
com.google.android.material.R$style: int Base_Theme_MaterialComponents_Light_DarkActionBar
androidx.appcompat.R$styleable: int MenuGroup_android_id
com.google.android.material.R$color: int bright_foreground_disabled_material_light
com.google.android.material.R$style: int ThemeOverlay_MaterialComponents_MaterialAlertDialog_Picker_Date_Header_Text_Day
androidx.appcompat.widget.ButtonBarLayout
com.google.android.material.R$style: int Widget_AppCompat_PopupWindow
androidx.appcompat.R$style: int Theme_AppCompat_Light_Dialog_Alert
androidx.coordinatorlayout.R$style: int TextAppearance_Compat_Notification_Time
com.google.android.material.R$id: int selected
com.google.android.material.R$attr: int progressBarPadding
org.chromium.support_lib_boundary.WebkitToCompatConverterBoundaryInterface: java.lang.reflect.InvocationHandler convertSettings(android.webkit.WebSettings)
com.google.android.material.R$style: int Base_Widget_MaterialComponents_Chip
android.support.v4.media.session.PlaybackStateCompat
androidx.appcompat.R$attr: int queryHint
androidx.recyclerview.R$styleable: int FontFamily_fontProviderFetchTimeout
androidx.appcompat.R$style: int Base_Widget_AppCompat_SeekBar_Discrete
androidx.appcompat.resources.R$styleable: int AnimatedStateListDrawableTransition_android_fromId
androidx.appcompat.R$id: int tag_transition_group
com.google.android.material.R$id: int action_bar_subtitle
com.google.android.material.snackbar.BaseTransientBottomBar$Behavior: BaseTransientBottomBar$Behavior()
androidx.appcompat.R$attr: int searchViewStyle
com.google.protobuf.WireFormat$FieldType: com.google.protobuf.WireFormat$FieldType[] values()
com.google.android.material.R$attr: int chipMinHeight
androidx.appcompat.widget.ButtonBarLayout: void setStacked(boolean)