build/app/outputs/mapping/release/mapping.txt
# compiler: R8
# compiler_version: 2.0.88
# min_api: 18
# pg_map_id: 5b4bb73
# common_typos_disable
net.citica.conectcarga.MainActivity -> net.citica.conectcarga.MainActivity:
    void configureFlutterEngine(io.flutter.embedding.engine.FlutterEngine) -> x
...
androidx.core.app.NavUtils -> androidx.core.app.f:
    android.content.Intent getParentActivityIntent(android.app.Activity) -> a
    android.content.Intent getParentActivityIntent(android.content.Context,android.content.ComponentName) -> b
    java.lang.String getParentActivityName(android.app.Activity) -> c
    java.lang.String getParentActivityName(android.content.Context,android.content.ComponentName) -> d
    void navigateUpTo(android.app.Activity,android.content.Intent) -> e
    boolean shouldUpRecreateTask(android.app.Activity,android.content.Intent) -> f
androidx.core.app.NotificationBuilderWithBuilderAccessor -> androidx.core.app.g:
    android.app.Notification$Builder getBuilder() -> a
androidx.core.app.NotificationCompat -> androidx.core.app.h:
    android.os.Bundle getExtras(android.app.Notification) -> a
androidx.core.app.NotificationCompat$Action -> androidx.core.app.h$a:
    android.os.Bundle mExtras -> a
    android.app.PendingIntent actionIntent -> i
    androidx.core.app.RemoteInput[] mDataOnlyRemoteInputs -> c
    androidx.core.app.RemoteInput[] mRemoteInputs -> b
    boolean mShowsUserInterface -> e
    int mSemanticAction -> f
    int icon -> g
    java.lang.CharSequence title -> h
    boolean mAllowGeneratedReplies -> d
    android.app.PendingIntent getActionIntent() -> a
    boolean getAllowGeneratedReplies() -> b
    androidx.core.app.RemoteInput[] getDataOnlyRemoteInputs() -> c
    android.os.Bundle getExtras() -> d
    int getIcon() -> e
    androidx.core.app.RemoteInput[] getRemoteInputs() -> f
    int getSemanticAction() -> g
    boolean getShowsUserInterface() -> h
    java.lang.CharSequence getTitle() -> i
androidx.core.app.NotificationCompat$BigTextStyle -> androidx.core.app.h$b:
    java.lang.CharSequence mBigText -> e
    void apply(androidx.core.app.NotificationBuilderWithBuilderAccessor) -> b
    androidx.core.app.NotificationCompat$BigTextStyle bigText(java.lang.CharSequence) -> g
androidx.core.app.NotificationCompat$Builder -> androidx.core.app.h$c:
    android.content.Context mContext -> a
    boolean mShowWhen -> m
    int mPriority -> l
    java.lang.String mChannelId -> I
    long mTimeout -> L
    int mGroupAlertBehavior -> M
    java.lang.String mShortcutId -> K
    android.os.Bundle mExtras -> B
    java.lang.CharSequence mContentTitle -> d
    android.widget.RemoteViews mTickerView -> h
    android.widget.RemoteViews mBigContentView -> G
    java.util.ArrayList mInvisibleActions -> c
    android.app.PendingIntent mFullScreenIntent -> g
    java.lang.CharSequence[] mRemoteInputHistory -> q
    int mColor -> C
    java.lang.CharSequence mContentInfo -> j
    boolean mColorized -> y
    android.app.Notification mPublicVersion -> E
    int mProgress -> s
    boolean mUseChronometer -> n
    int mBadgeIcon -> J
    int mNumber -> k
    android.app.Notification mNotification -> N
    android.widget.RemoteViews mHeadsUpContentView -> H
    java.lang.CharSequence mContentText -> e
    boolean mGroupSummary -> v
    int mVisibility -> D
    android.widget.RemoteViews mContentView -> F
    boolean mLocalOnly -> x
    java.util.ArrayList mActions -> b
    android.app.PendingIntent mContentIntent -> f
    java.lang.String mGroupKey -> u
    android.graphics.Bitmap mLargeIcon -> i
    boolean mProgressIndeterminate -> t
    java.lang.String mSortKey -> w
    java.util.ArrayList mPeople -> O
    java.lang.CharSequence mSubText -> p