build/app/outputs/mapping/release/usage.txt
net.citica.conectcarga.R
net.citica.conectcarga.R$styleable
net.citica.conectcarga.R$animator
net.citica.conectcarga.R$xml
net.citica.conectcarga.R$string
net.citica.conectcarga.R$interpolator
net.citica.conectcarga.BuildConfig
net.citica.conectcarga.R$drawable
net.citica.conectcarga.R$mipmap
net.citica.conectcarga.R$id
net.citica.conectcarga.R$plurals
net.citica.conectcarga.R$color
net.citica.conectcarga.R$bool
net.citica.conectcarga.R$integer
net.citica.conectcarga.R$attr
net.citica.conectcarga.R$anim
net.citica.conectcarga.R$layout
net.citica.conectcarga.R$style
net.citica.conectcarga.R$dimen
...
kotlin.collections.GroupingKt
com.google.android.gms.common.annotation.KeepForSdkWithFieldsAndMethods
kotlin.internal.RequireKotlin
com.google.android.material.resources.TextAppearanceConfig:
    public void <init>()
    public static void setShouldLoadFontSynchronously(boolean)
androidx.core.app.NotificationCompat$Action:
    public static final int SEMANTIC_ACTION_NONE
    public static final int SEMANTIC_ACTION_REPLY
    public static final int SEMANTIC_ACTION_MARK_AS_READ
    public static final int SEMANTIC_ACTION_MARK_AS_UNREAD
    public static final int SEMANTIC_ACTION_DELETE
    public static final int SEMANTIC_ACTION_ARCHIVE
    public static final int SEMANTIC_ACTION_MUTE
    public static final int SEMANTIC_ACTION_UNMUTE
    public static final int SEMANTIC_ACTION_THUMBS_UP
    public static final int SEMANTIC_ACTION_THUMBS_DOWN
    public static final int SEMANTIC_ACTION_CALL
    static final java.lang.String EXTRA_SHOWS_USER_INTERFACE
    static final java.lang.String EXTRA_SEMANTIC_ACTION
com.google.android.gms.tasks.zzu:
    public final boolean isComplete()
    public final java.lang.Object getResult(java.lang.Class)
    public final com.google.android.gms.tasks.Task addOnSuccessListener(android.app.Activity,com.google.android.gms.tasks.OnSuccessListener)
    public final com.google.android.gms.tasks.Task addOnFailureListener(android.app.Activity,com.google.android.gms.tasks.OnFailureListener)
    public final com.google.android.gms.tasks.Task addOnCompleteListener(android.app.Activity,com.google.android.gms.tasks.OnCompleteListener)
    public final com.google.android.gms.tasks.Task continueWithTask(com.google.android.gms.tasks.Continuation)
    public final com.google.android.gms.tasks.Task addOnCanceledListener(com.google.android.gms.tasks.OnCanceledListener)
    public final com.google.android.gms.tasks.Task addOnCanceledListener(java.util.concurrent.Executor,com.google.android.gms.tasks.OnCanceledListener)
    public final com.google.android.gms.tasks.Task addOnCanceledListener(android.app.Activity,com.google.android.gms.tasks.OnCanceledListener)
    public final com.google.android.gms.tasks.Task continueWithTask(java.util.concurrent.Executor,com.google.android.gms.tasks.Continuation)
    public final com.google.android.gms.tasks.Task onSuccessTask(java.util.concurrent.Executor,com.google.android.gms.tasks.SuccessContinuation)
    public final com.google.android.gms.tasks.Task onSuccessTask(com.google.android.gms.tasks.SuccessContinuation)
androidx.appcompat.R$style:
    private void <init>()
io.flutter.embedding.android.FlutterEngineConfigurator
androidx.recyclerview.widget.AsyncDifferConfig
androidx.media.MediaBrowserServiceCompat$MediaBrowserServiceImplApi21$1
com.alexmiller.map_launcher.R$color
kotlin.internal.PlatformImplementations$ReflectAddSuppressedMethod
kotlin.coroutines.ContinuationKt
com.google.android.material.internal.ParcelableSparseIntArray$1
com.google.zxing.RGBLuminanceSource
com.google.android.gms.common.server.response.FastParser$zaa
androidx.core.content.res.ConfigurationHelper
kotlin.internal.OnlyInputTypes
androidx.appcompat.resources.R$id
androidx.core.view.accessibility.AccessibilityViewCommand$ScrollToPositionArguments:
    public int getRow()
    public int getColumn()
kotlin.jvm.internal.EnumCompanionObject
androidx.vectordrawable.graphics.drawable.VectorDrawableCommon:
    protected void onBoundsChange(android.graphics.Rect)
io.flutter.plugins.webviewflutter.R$drawable
androidx.viewpager.widget.ViewPager
kotlin.internal.jdk7.JDK7PlatformImplementations
com.google.zxing.multi.GenericMultipleBarcodeReader